2020-09-16 09:42:44.023 [main] INFO  c.s.w.c.ConsigneeconsignerApplication - Starting ConsigneeconsignerApplication on shenhailongdeMacBook-Pro.local with PID 29990 (/Users/shenhailong/开发项目/新仓单2.0/后端/consigneeconsigner/target/classes started by shenhailong in /Users/shenhailong/开发项目/新仓单2.0/后端/consigneeconsigner)
2020-09-16 09:42:44.030 [main] INFO  c.s.w.c.ConsigneeconsignerApplication - The following profiles are active: dev
2020-09-16 09:42:45.604 [main] INFO  o.s.boot.web.embedded.tomcat.TomcatWebServer - Tomcat initialized with port(s): 40002 (http)
2020-09-16 09:42:45.637 [main] INFO  org.apache.coyote.http11.Http11NioProtocol - Initializing ProtocolHandler ["http-nio-40002"]
2020-09-16 09:42:45.638 [main] INFO  org.apache.catalina.core.StandardService - Starting service [Tomcat]
2020-09-16 09:42:45.639 [main] INFO  org.apache.catalina.core.StandardEngine - Starting Servlet engine: [Apache Tomcat/9.0.37]
2020-09-16 09:42:45.793 [main] INFO  o.a.c.core.ContainerBase.[Tomcat].[localhost].[/] - Initializing Spring embedded WebApplicationContext
2020-09-16 09:42:45.793 [main] INFO  o.s.b.w.s.c.ServletWebServerApplicationContext - Root WebApplicationContext: initialization completed in 1678 ms
2020-09-16 09:42:45.883 [main] INFO  org.apache.catalina.core.StandardService - Stopping service [Tomcat]
2020-09-16 09:42:45.912 [main] INFO  o.s.b.a.l.ConditionEvaluationReportLoggingListener - 

Error starting ApplicationContext. To display the conditions report re-run your application with 'debug' enabled.
2020-09-16 09:43:28.769 [main] INFO  c.s.w.c.ConsigneeconsignerApplication - Starting ConsigneeconsignerApplication on shenhailongdeMacBook-Pro.local with PID 30022 (/Users/shenhailong/开发项目/新仓单2.0/后端/consigneeconsigner/target/classes started by shenhailong in /Users/shenhailong/开发项目/新仓单2.0/后端/consigneeconsigner)
2020-09-16 09:43:28.774 [main] INFO  c.s.w.c.ConsigneeconsignerApplication - The following profiles are active: dev
2020-09-16 09:43:29.813 [main] INFO  o.s.boot.web.embedded.tomcat.TomcatWebServer - Tomcat initialized with port(s): 40002 (http)
2020-09-16 09:43:29.825 [main] INFO  org.apache.coyote.http11.Http11NioProtocol - Initializing ProtocolHandler ["http-nio-40002"]
2020-09-16 09:43:29.826 [main] INFO  org.apache.catalina.core.StandardService - Starting service [Tomcat]
2020-09-16 09:43:29.826 [main] INFO  org.apache.catalina.core.StandardEngine - Starting Servlet engine: [Apache Tomcat/9.0.37]
2020-09-16 09:43:29.906 [main] INFO  o.a.c.core.ContainerBase.[Tomcat].[localhost].[/] - Initializing Spring embedded WebApplicationContext
2020-09-16 09:43:29.906 [main] INFO  o.s.b.w.s.c.ServletWebServerApplicationContext - Root WebApplicationContext: initialization completed in 1082 ms
2020-09-16 09:43:29.987 [main] INFO  org.apache.catalina.core.StandardService - Stopping service [Tomcat]
2020-09-16 09:43:30.016 [main] INFO  o.s.b.a.l.ConditionEvaluationReportLoggingListener - 

Error starting ApplicationContext. To display the conditions report re-run your application with 'debug' enabled.
2020-09-16 09:47:37.071 [main] INFO  c.s.w.c.ConsigneeconsignerApplication - Starting ConsigneeconsignerApplication on shenhailongdeMacBook-Pro.local with PID 30086 (/Users/shenhailong/开发项目/新仓单2.0/后端/consigneeconsigner/target/classes started by shenhailong in /Users/shenhailong/开发项目/新仓单2.0/后端/consigneeconsigner)
2020-09-16 09:47:37.075 [main] INFO  c.s.w.c.ConsigneeconsignerApplication - The following profiles are active: dev
2020-09-16 09:47:38.030 [main] INFO  o.s.boot.web.embedded.tomcat.TomcatWebServer - Tomcat initialized with port(s): 40002 (http)
2020-09-16 09:47:38.038 [main] INFO  org.apache.coyote.http11.Http11NioProtocol - Initializing ProtocolHandler ["http-nio-40002"]
2020-09-16 09:47:38.039 [main] INFO  org.apache.catalina.core.StandardService - Starting service [Tomcat]
2020-09-16 09:47:38.039 [main] INFO  org.apache.catalina.core.StandardEngine - Starting Servlet engine: [Apache Tomcat/9.0.37]
2020-09-16 09:47:38.107 [main] INFO  o.a.c.core.ContainerBase.[Tomcat].[localhost].[/] - Initializing Spring embedded WebApplicationContext
2020-09-16 09:47:38.107 [main] INFO  o.s.b.w.s.c.ServletWebServerApplicationContext - Root WebApplicationContext: initialization completed in 985 ms
2020-09-16 09:47:38.153 [main] INFO  org.apache.catalina.core.StandardService - Stopping service [Tomcat]
2020-09-16 09:47:38.171 [main] INFO  o.s.b.a.l.ConditionEvaluationReportLoggingListener - 

Error starting ApplicationContext. To display the conditions report re-run your application with 'debug' enabled.
2020-09-16 09:48:37.751 [main] INFO  c.s.w.c.ConsigneeconsignerApplication - Starting ConsigneeconsignerApplication on shenhailongdeMacBook-Pro.local with PID 30102 (/Users/shenhailong/开发项目/新仓单2.0/后端/consigneeconsigner/target/classes started by shenhailong in /Users/shenhailong/开发项目/新仓单2.0/后端/consigneeconsigner)
2020-09-16 09:48:37.754 [main] INFO  c.s.w.c.ConsigneeconsignerApplication - The following profiles are active: dev
2020-09-16 09:48:38.883 [main] INFO  o.s.boot.web.embedded.tomcat.TomcatWebServer - Tomcat initialized with port(s): 40002 (http)
2020-09-16 09:48:38.891 [main] INFO  org.apache.coyote.http11.Http11NioProtocol - Initializing ProtocolHandler ["http-nio-40002"]
2020-09-16 09:48:38.892 [main] INFO  org.apache.catalina.core.StandardService - Starting service [Tomcat]
2020-09-16 09:48:38.892 [main] INFO  org.apache.catalina.core.StandardEngine - Starting Servlet engine: [Apache Tomcat/9.0.37]
2020-09-16 09:48:38.956 [main] INFO  o.a.c.core.ContainerBase.[Tomcat].[localhost].[/] - Initializing Spring embedded WebApplicationContext
2020-09-16 09:48:38.957 [main] INFO  o.s.b.w.s.c.ServletWebServerApplicationContext - Root WebApplicationContext: initialization completed in 1145 ms
2020-09-16 09:48:39.426 [main] INFO  o.s.scheduling.concurrent.ThreadPoolTaskExecutor - Initializing ExecutorService 'applicationTaskExecutor'
2020-09-16 09:48:39.695 [main] INFO  org.apache.coyote.http11.Http11NioProtocol - Starting ProtocolHandler ["http-nio-40002"]
2020-09-16 09:48:39.770 [main] INFO  o.s.boot.web.embedded.tomcat.TomcatWebServer - Tomcat started on port(s): 40002 (http) with context path ''
2020-09-16 09:48:39.779 [main] INFO  c.s.w.c.ConsigneeconsignerApplication - Started ConsigneeconsignerApplication in 2.684 seconds (JVM running for 3.395)
2020-09-16 11:00:31.288 [SpringContextShutdownHook] INFO  o.s.scheduling.concurrent.ThreadPoolTaskExecutor - Shutting down ExecutorService 'applicationTaskExecutor'
2020-09-16 11:00:38.878 [main] INFO  c.s.w.c.ConsigneeconsignerApplication - Starting ConsigneeconsignerApplication on shenhailongdeMacBook-Pro.local with PID 31107 (/Users/shenhailong/开发项目/新仓单2.0/后端/consigneeconsigner/target/classes started by shenhailong in /Users/shenhailong/开发项目/新仓单2.0/后端/consigneeconsigner)
2020-09-16 11:00:38.881 [main] INFO  c.s.w.c.ConsigneeconsignerApplication - The following profiles are active: dev
2020-09-16 11:00:39.720 [main] INFO  o.s.boot.web.embedded.tomcat.TomcatWebServer - Tomcat initialized with port(s): 40002 (http)
2020-09-16 11:00:39.727 [main] INFO  org.apache.coyote.http11.Http11NioProtocol - Initializing ProtocolHandler ["http-nio-40002"]
2020-09-16 11:00:39.728 [main] INFO  org.apache.catalina.core.StandardService - Starting service [Tomcat]
2020-09-16 11:00:39.728 [main] INFO  org.apache.catalina.core.StandardEngine - Starting Servlet engine: [Apache Tomcat/9.0.37]
2020-09-16 11:00:39.784 [main] INFO  o.a.c.core.ContainerBase.[Tomcat].[localhost].[/] - Initializing Spring embedded WebApplicationContext
2020-09-16 11:00:39.785 [main] INFO  o.s.b.w.s.c.ServletWebServerApplicationContext - Root WebApplicationContext: initialization completed in 850 ms
2020-09-16 11:00:40.189 [main] INFO  o.s.scheduling.concurrent.ThreadPoolTaskExecutor - Initializing ExecutorService 'applicationTaskExecutor'
2020-09-16 11:00:40.400 [main] INFO  org.apache.coyote.http11.Http11NioProtocol - Starting ProtocolHandler ["http-nio-40002"]
2020-09-16 11:00:40.480 [main] INFO  o.s.boot.web.embedded.tomcat.TomcatWebServer - Tomcat started on port(s): 40002 (http) with context path ''
2020-09-16 11:00:40.489 [main] INFO  c.s.w.c.ConsigneeconsignerApplication - Started ConsigneeconsignerApplication in 2.166 seconds (JVM running for 3.031)
2020-09-16 11:03:08.950 [SpringContextShutdownHook] INFO  o.s.scheduling.concurrent.ThreadPoolTaskExecutor - Shutting down ExecutorService 'applicationTaskExecutor'
2020-09-16 11:03:16.272 [main] INFO  c.s.w.c.ConsigneeconsignerApplication - Starting ConsigneeconsignerApplication on shenhailongdeMacBook-Pro.local with PID 31190 (/Users/shenhailong/开发项目/新仓单2.0/后端/consigneeconsigner/target/classes started by shenhailong in /Users/shenhailong/开发项目/新仓单2.0/后端/consigneeconsigner)
2020-09-16 11:03:16.274 [main] INFO  c.s.w.c.ConsigneeconsignerApplication - The following profiles are active: dev
2020-09-16 11:03:17.271 [main] INFO  o.s.boot.web.embedded.tomcat.TomcatWebServer - Tomcat initialized with port(s): 40002 (http)
2020-09-16 11:03:17.279 [main] INFO  org.apache.coyote.http11.Http11NioProtocol - Initializing ProtocolHandler ["http-nio-40002"]
2020-09-16 11:03:17.280 [main] INFO  org.apache.catalina.core.StandardService - Starting service [Tomcat]
2020-09-16 11:03:17.280 [main] INFO  org.apache.catalina.core.StandardEngine - Starting Servlet engine: [Apache Tomcat/9.0.37]
2020-09-16 11:03:17.367 [main] INFO  o.a.c.core.ContainerBase.[Tomcat].[localhost].[/] - Initializing Spring embedded WebApplicationContext
2020-09-16 11:03:17.367 [main] INFO  o.s.b.w.s.c.ServletWebServerApplicationContext - Root WebApplicationContext: initialization completed in 1037 ms
2020-09-16 11:03:17.803 [main] INFO  o.s.scheduling.concurrent.ThreadPoolTaskExecutor - Initializing ExecutorService 'applicationTaskExecutor'
2020-09-16 11:03:17.993 [main] INFO  org.apache.coyote.http11.Http11NioProtocol - Starting ProtocolHandler ["http-nio-40002"]
2020-09-16 11:03:18.080 [main] INFO  o.s.boot.web.embedded.tomcat.TomcatWebServer - Tomcat started on port(s): 40002 (http) with context path ''
2020-09-16 11:03:18.088 [main] INFO  c.s.w.c.ConsigneeconsignerApplication - Started ConsigneeconsignerApplication in 2.398 seconds (JVM running for 3.046)
2020-09-16 11:06:11.657 [SpringContextShutdownHook] INFO  o.s.scheduling.concurrent.ThreadPoolTaskExecutor - Shutting down ExecutorService 'applicationTaskExecutor'
2020-09-16 11:06:17.454 [main] INFO  c.s.w.c.ConsigneeconsignerApplication - Starting ConsigneeconsignerApplication on shenhailongdeMacBook-Pro.local with PID 31263 (/Users/shenhailong/开发项目/新仓单2.0/后端/consigneeconsigner/target/classes started by shenhailong in /Users/shenhailong/开发项目/新仓单2.0/后端/consigneeconsigner)
2020-09-16 11:06:17.457 [main] INFO  c.s.w.c.ConsigneeconsignerApplication - The following profiles are active: dev
2020-09-16 11:06:18.424 [main] INFO  o.s.boot.web.embedded.tomcat.TomcatWebServer - Tomcat initialized with port(s): 40002 (http)
2020-09-16 11:06:18.432 [main] INFO  org.apache.coyote.http11.Http11NioProtocol - Initializing ProtocolHandler ["http-nio-40002"]
2020-09-16 11:06:18.432 [main] INFO  org.apache.catalina.core.StandardService - Starting service [Tomcat]
2020-09-16 11:06:18.432 [main] INFO  org.apache.catalina.core.StandardEngine - Starting Servlet engine: [Apache Tomcat/9.0.37]
2020-09-16 11:06:18.491 [main] INFO  o.a.c.core.ContainerBase.[Tomcat].[localhost].[/] - Initializing Spring embedded WebApplicationContext
2020-09-16 11:06:18.491 [main] INFO  o.s.b.w.s.c.ServletWebServerApplicationContext - Root WebApplicationContext: initialization completed in 963 ms
2020-09-16 11:06:18.939 [main] INFO  o.s.scheduling.concurrent.ThreadPoolTaskExecutor - Initializing ExecutorService 'applicationTaskExecutor'
2020-09-16 11:06:19.131 [main] INFO  o.s.scheduling.concurrent.ThreadPoolTaskScheduler - Initializing ExecutorService 'taskScheduler'
2020-09-16 11:06:19.160 [main] INFO  org.apache.coyote.http11.Http11NioProtocol - Starting ProtocolHandler ["http-nio-40002"]
2020-09-16 11:06:19.247 [main] INFO  o.s.boot.web.embedded.tomcat.TomcatWebServer - Tomcat started on port(s): 40002 (http) with context path ''
2020-09-16 11:06:19.261 [main] INFO  c.s.w.c.ConsigneeconsignerApplication - Started ConsigneeconsignerApplication in 2.347 seconds (JVM running for 3.091)
2020-09-16 11:12:19.754 [main] INFO  c.s.w.c.ConsigneeconsignerApplication - Starting ConsigneeconsignerApplication on shenhailongdeMacBook-Pro.local with PID 31454 (/Users/shenhailong/开发项目/新仓单2.0/后端/consigneeconsigner/target/classes started by shenhailong in /Users/shenhailong/开发项目/新仓单2.0/后端/consigneeconsigner)
2020-09-16 11:12:19.756 [main] INFO  c.s.w.c.ConsigneeconsignerApplication - The following profiles are active: dev
2020-09-16 11:12:20.758 [main] INFO  o.s.boot.web.embedded.tomcat.TomcatWebServer - Tomcat initialized with port(s): 40002 (http)
2020-09-16 11:12:20.766 [main] INFO  org.apache.coyote.http11.Http11NioProtocol - Initializing ProtocolHandler ["http-nio-40002"]
2020-09-16 11:12:20.767 [main] INFO  org.apache.catalina.core.StandardService - Starting service [Tomcat]
2020-09-16 11:12:20.767 [main] INFO  org.apache.catalina.core.StandardEngine - Starting Servlet engine: [Apache Tomcat/9.0.37]
2020-09-16 11:12:20.833 [main] INFO  o.a.c.core.ContainerBase.[Tomcat].[localhost].[/] - Initializing Spring embedded WebApplicationContext
2020-09-16 11:12:20.833 [main] INFO  o.s.b.w.s.c.ServletWebServerApplicationContext - Root WebApplicationContext: initialization completed in 1026 ms
2020-09-16 11:12:21.233 [main] INFO  o.s.scheduling.concurrent.ThreadPoolTaskExecutor - Initializing ExecutorService 'applicationTaskExecutor'
2020-09-16 11:12:21.424 [main] INFO  o.s.scheduling.concurrent.ThreadPoolTaskScheduler - Initializing ExecutorService 'taskScheduler'
2020-09-16 11:12:21.502 [main] INFO  org.apache.coyote.http11.Http11NioProtocol - Starting ProtocolHandler ["http-nio-40002"]
2020-09-16 11:12:21.533 [main] INFO  o.s.boot.web.embedded.tomcat.TomcatWebServer - Tomcat started on port(s): 40002 (http) with context path ''
2020-09-16 11:12:21.546 [main] INFO  c.s.w.c.ConsigneeconsignerApplication - Started ConsigneeconsignerApplication in 2.293 seconds (JVM running for 3.001)
2020-09-16 11:13:05.481 [SpringContextShutdownHook] INFO  o.s.scheduling.concurrent.ThreadPoolTaskScheduler - Shutting down ExecutorService 'taskScheduler'
2020-09-16 11:13:05.483 [SpringContextShutdownHook] INFO  o.s.scheduling.concurrent.ThreadPoolTaskExecutor - Shutting down ExecutorService 'applicationTaskExecutor'
2020-09-16 11:13:11.663 [main] INFO  c.s.w.c.ConsigneeconsignerApplication - Starting ConsigneeconsignerApplication on shenhailongdeMacBook-Pro.local with PID 31471 (/Users/shenhailong/开发项目/新仓单2.0/后端/consigneeconsigner/target/classes started by shenhailong in /Users/shenhailong/开发项目/新仓单2.0/后端/consigneeconsigner)
2020-09-16 11:13:11.665 [main] INFO  c.s.w.c.ConsigneeconsignerApplication - The following profiles are active: dev
2020-09-16 11:13:12.624 [main] INFO  o.s.boot.web.embedded.tomcat.TomcatWebServer - Tomcat initialized with port(s): 40002 (http)
2020-09-16 11:13:12.631 [main] INFO  org.apache.coyote.http11.Http11NioProtocol - Initializing ProtocolHandler ["http-nio-40002"]
2020-09-16 11:13:12.632 [main] INFO  org.apache.catalina.core.StandardService - Starting service [Tomcat]
2020-09-16 11:13:12.632 [main] INFO  org.apache.catalina.core.StandardEngine - Starting Servlet engine: [Apache Tomcat/9.0.37]
2020-09-16 11:13:12.702 [main] INFO  o.a.c.core.ContainerBase.[Tomcat].[localhost].[/] - Initializing Spring embedded WebApplicationContext
2020-09-16 11:13:12.702 [main] INFO  o.s.b.w.s.c.ServletWebServerApplicationContext - Root WebApplicationContext: initialization completed in 988 ms
2020-09-16 11:13:13.161 [main] INFO  o.s.scheduling.concurrent.ThreadPoolTaskExecutor - Initializing ExecutorService 'applicationTaskExecutor'
2020-09-16 11:13:13.379 [main] INFO  o.s.scheduling.concurrent.ThreadPoolTaskScheduler - Initializing ExecutorService 'taskScheduler'
2020-09-16 11:13:13.414 [main] INFO  org.apache.coyote.http11.Http11NioProtocol - Starting ProtocolHandler ["http-nio-40002"]
2020-09-16 11:13:13.519 [main] INFO  o.s.boot.web.embedded.tomcat.TomcatWebServer - Tomcat started on port(s): 40002 (http) with context path ''
2020-09-16 11:13:13.538 [main] INFO  c.s.w.c.ConsigneeconsignerApplication - Started ConsigneeconsignerApplication in 2.587 seconds (JVM running for 3.388)
2020-09-16 11:21:54.477 [main] INFO  c.s.w.c.ConsigneeconsignerApplication - Starting ConsigneeconsignerApplication on shenhailongdeMacBook-Pro.local with PID 31634 (/Users/shenhailong/开发项目/新仓单2.0/后端/consigneeconsigner/target/classes started by shenhailong in /Users/shenhailong/开发项目/新仓单2.0/后端/consigneeconsigner)
2020-09-16 11:21:54.482 [main] INFO  c.s.w.c.ConsigneeconsignerApplication - The following profiles are active: dev
2020-09-16 11:21:56.064 [main] INFO  o.s.boot.web.embedded.tomcat.TomcatWebServer - Tomcat initialized with port(s): 40002 (http)
2020-09-16 11:21:56.077 [main] INFO  org.apache.coyote.http11.Http11NioProtocol - Initializing ProtocolHandler ["http-nio-40002"]
2020-09-16 11:21:56.079 [main] INFO  org.apache.catalina.core.StandardService - Starting service [Tomcat]
2020-09-16 11:21:56.080 [main] INFO  org.apache.catalina.core.StandardEngine - Starting Servlet engine: [Apache Tomcat/9.0.37]
2020-09-16 11:21:56.184 [main] INFO  o.a.c.core.ContainerBase.[Tomcat].[localhost].[/] - Initializing Spring embedded WebApplicationContext
2020-09-16 11:21:56.184 [main] INFO  o.s.b.w.s.c.ServletWebServerApplicationContext - Root WebApplicationContext: initialization completed in 1601 ms
2020-09-16 11:21:56.860 [main] INFO  o.s.scheduling.concurrent.ThreadPoolTaskExecutor - Initializing ExecutorService 'applicationTaskExecutor'
2020-09-16 11:21:57.201 [main] INFO  o.s.scheduling.concurrent.ThreadPoolTaskScheduler - Initializing ExecutorService 'taskScheduler'
2020-09-16 11:21:57.235 [main] INFO  org.apache.coyote.http11.Http11NioProtocol - Starting ProtocolHandler ["http-nio-40002"]
2020-09-16 11:21:57.269 [main] INFO  o.s.boot.web.embedded.tomcat.TomcatWebServer - Tomcat started on port(s): 40002 (http) with context path ''
2020-09-16 11:21:57.285 [main] INFO  c.s.w.c.ConsigneeconsignerApplication - Started ConsigneeconsignerApplication in 3.946 seconds (JVM running for 4.958)
2020-09-16 11:24:55.928 [SpringContextShutdownHook] INFO  o.s.scheduling.concurrent.ThreadPoolTaskScheduler - Shutting down ExecutorService 'taskScheduler'
2020-09-16 11:24:55.936 [SpringContextShutdownHook] INFO  o.s.scheduling.concurrent.ThreadPoolTaskExecutor - Shutting down ExecutorService 'applicationTaskExecutor'
2020-09-16 11:25:07.958 [main] INFO  c.s.w.c.ConsigneeconsignerApplication - The following profiles are active: dev
2020-09-16 11:25:08.649 [main] INFO  o.springframework.cloud.context.scope.GenericScope - BeanFactory id=f54f7f2b-dc20-3f7b-a65a-e4e8144bd889
2020-09-16 11:25:08.986 [main] INFO  o.s.boot.web.embedded.tomcat.TomcatWebServer - Tomcat initialized with port(s): 40002 (http)
2020-09-16 11:25:08.995 [main] INFO  org.apache.coyote.http11.Http11NioProtocol - Initializing ProtocolHandler ["http-nio-40002"]
2020-09-16 11:25:08.996 [main] INFO  org.apache.catalina.core.StandardService - Starting service [Tomcat]
2020-09-16 11:25:08.996 [main] INFO  org.apache.catalina.core.StandardEngine - Starting Servlet engine: [Apache Tomcat/9.0.37]
2020-09-16 11:25:09.106 [main] INFO  o.a.c.core.ContainerBase.[Tomcat].[localhost].[/] - Initializing Spring embedded WebApplicationContext
2020-09-16 11:25:09.106 [main] INFO  o.s.b.w.s.c.ServletWebServerApplicationContext - Root WebApplicationContext: initialization completed in 1127 ms
2020-09-16 11:25:09.396 [main] INFO  com.netflix.config.sources.URLConfigurationSource - To enable URLs as dynamic configuration sources, define System property archaius.configurationSource.additionalUrls or make config.properties available on classpath.
2020-09-16 11:25:09.401 [main] INFO  com.netflix.config.sources.URLConfigurationSource - To enable URLs as dynamic configuration sources, define System property archaius.configurationSource.additionalUrls or make config.properties available on classpath.
2020-09-16 11:25:09.601 [main] INFO  o.s.scheduling.concurrent.ThreadPoolTaskExecutor - Initializing ExecutorService 'applicationTaskExecutor'
2020-09-16 11:25:09.845 [main] INFO  o.s.scheduling.concurrent.ThreadPoolTaskScheduler - Initializing ExecutorService 'taskScheduler'
2020-09-16 11:25:09.925 [main] INFO  o.s.scheduling.concurrent.ThreadPoolTaskScheduler - Shutting down ExecutorService 'taskScheduler'
2020-09-16 11:25:09.926 [main] INFO  o.s.scheduling.concurrent.ThreadPoolTaskExecutor - Shutting down ExecutorService 'applicationTaskExecutor'
2020-09-16 11:25:09.928 [main] INFO  org.apache.catalina.core.StandardService - Stopping service [Tomcat]
2020-09-16 11:25:09.943 [main] INFO  o.s.b.a.l.ConditionEvaluationReportLoggingListener - 

Error starting ApplicationContext. To display the conditions report re-run your application with 'debug' enabled.
2020-09-16 11:25:38.222 [main] INFO  c.s.w.c.ConsigneeconsignerApplication - The following profiles are active: dev
2020-09-16 11:25:38.897 [main] INFO  o.springframework.cloud.context.scope.GenericScope - BeanFactory id=f8d8be6f-4d61-3446-8384-9ea4c4a209dc
2020-09-16 11:25:39.240 [main] INFO  o.s.boot.web.embedded.tomcat.TomcatWebServer - Tomcat initialized with port(s): 40002 (http)
2020-09-16 11:25:39.262 [main] INFO  org.apache.coyote.http11.Http11NioProtocol - Initializing ProtocolHandler ["http-nio-40002"]
2020-09-16 11:25:39.262 [main] INFO  org.apache.catalina.core.StandardService - Starting service [Tomcat]
2020-09-16 11:25:39.262 [main] INFO  org.apache.catalina.core.StandardEngine - Starting Servlet engine: [Apache Tomcat/9.0.37]
2020-09-16 11:25:39.350 [main] INFO  o.a.c.core.ContainerBase.[Tomcat].[localhost].[/] - Initializing Spring embedded WebApplicationContext
2020-09-16 11:25:39.350 [main] INFO  o.s.b.w.s.c.ServletWebServerApplicationContext - Root WebApplicationContext: initialization completed in 1106 ms
2020-09-16 11:25:39.697 [main] INFO  com.netflix.config.sources.URLConfigurationSource - To enable URLs as dynamic configuration sources, define System property archaius.configurationSource.additionalUrls or make config.properties available on classpath.
2020-09-16 11:25:39.703 [main] INFO  com.netflix.config.sources.URLConfigurationSource - To enable URLs as dynamic configuration sources, define System property archaius.configurationSource.additionalUrls or make config.properties available on classpath.
2020-09-16 11:25:39.916 [main] INFO  o.s.scheduling.concurrent.ThreadPoolTaskExecutor - Initializing ExecutorService 'applicationTaskExecutor'
2020-09-16 11:25:40.198 [main] INFO  o.s.scheduling.concurrent.ThreadPoolTaskScheduler - Initializing ExecutorService 'taskScheduler'
2020-09-16 11:25:40.272 [main] INFO  o.s.scheduling.concurrent.ThreadPoolTaskScheduler - Shutting down ExecutorService 'taskScheduler'
2020-09-16 11:25:40.273 [main] INFO  o.s.scheduling.concurrent.ThreadPoolTaskExecutor - Shutting down ExecutorService 'applicationTaskExecutor'
2020-09-16 11:25:40.275 [main] INFO  org.apache.catalina.core.StandardService - Stopping service [Tomcat]
2020-09-16 11:25:40.291 [main] INFO  o.s.b.a.l.ConditionEvaluationReportLoggingListener - 

Error starting ApplicationContext. To display the conditions report re-run your application with 'debug' enabled.
2020-09-16 11:26:47.264 [main] INFO  c.s.w.c.ConsigneeconsignerApplication - The following profiles are active: dev
2020-09-16 11:26:48.024 [main] INFO  o.springframework.cloud.context.scope.GenericScope - BeanFactory id=f8d8be6f-4d61-3446-8384-9ea4c4a209dc
2020-09-16 11:26:48.396 [main] INFO  o.s.boot.web.embedded.tomcat.TomcatWebServer - Tomcat initialized with port(s): 40002 (http)
2020-09-16 11:26:48.406 [main] INFO  org.apache.coyote.http11.Http11NioProtocol - Initializing ProtocolHandler ["http-nio-40002"]
2020-09-16 11:26:48.407 [main] INFO  org.apache.catalina.core.StandardService - Starting service [Tomcat]
2020-09-16 11:26:48.408 [main] INFO  org.apache.catalina.core.StandardEngine - Starting Servlet engine: [Apache Tomcat/9.0.37]
2020-09-16 11:26:48.521 [main] INFO  o.a.c.core.ContainerBase.[Tomcat].[localhost].[/] - Initializing Spring embedded WebApplicationContext
2020-09-16 11:26:48.521 [main] INFO  o.s.b.w.s.c.ServletWebServerApplicationContext - Root WebApplicationContext: initialization completed in 1234 ms
2020-09-16 11:26:48.857 [main] INFO  com.netflix.config.sources.URLConfigurationSource - To enable URLs as dynamic configuration sources, define System property archaius.configurationSource.additionalUrls or make config.properties available on classpath.
2020-09-16 11:26:48.864 [main] INFO  com.netflix.config.sources.URLConfigurationSource - To enable URLs as dynamic configuration sources, define System property archaius.configurationSource.additionalUrls or make config.properties available on classpath.
2020-09-16 11:26:49.067 [main] INFO  o.s.scheduling.concurrent.ThreadPoolTaskExecutor - Initializing ExecutorService 'applicationTaskExecutor'
2020-09-16 11:26:49.328 [main] INFO  o.s.scheduling.concurrent.ThreadPoolTaskScheduler - Initializing ExecutorService 'taskScheduler'
2020-09-16 11:26:49.404 [main] INFO  o.s.scheduling.concurrent.ThreadPoolTaskScheduler - Shutting down ExecutorService 'taskScheduler'
2020-09-16 11:26:49.405 [main] INFO  o.s.scheduling.concurrent.ThreadPoolTaskExecutor - Shutting down ExecutorService 'applicationTaskExecutor'
2020-09-16 11:26:49.407 [main] INFO  org.apache.catalina.core.StandardService - Stopping service [Tomcat]
2020-09-16 11:26:49.424 [main] INFO  o.s.b.a.l.ConditionEvaluationReportLoggingListener - 

Error starting ApplicationContext. To display the conditions report re-run your application with 'debug' enabled.
2020-09-16 11:27:33.476 [main] INFO  c.s.w.c.ConsigneeconsignerApplication - The following profiles are active: dev
2020-09-16 11:27:34.180 [main] INFO  o.springframework.cloud.context.scope.GenericScope - BeanFactory id=f8d8be6f-4d61-3446-8384-9ea4c4a209dc
2020-09-16 11:27:34.527 [main] INFO  o.s.boot.web.embedded.tomcat.TomcatWebServer - Tomcat initialized with port(s): 40002 (http)
2020-09-16 11:27:34.537 [main] INFO  org.apache.coyote.http11.Http11NioProtocol - Initializing ProtocolHandler ["http-nio-40002"]
2020-09-16 11:27:34.538 [main] INFO  org.apache.catalina.core.StandardService - Starting service [Tomcat]
2020-09-16 11:27:34.538 [main] INFO  org.apache.catalina.core.StandardEngine - Starting Servlet engine: [Apache Tomcat/9.0.37]
2020-09-16 11:27:34.626 [main] INFO  o.a.c.core.ContainerBase.[Tomcat].[localhost].[/] - Initializing Spring embedded WebApplicationContext
2020-09-16 11:27:34.626 [main] INFO  o.s.b.w.s.c.ServletWebServerApplicationContext - Root WebApplicationContext: initialization completed in 1130 ms
2020-09-16 11:27:34.958 [main] INFO  com.netflix.config.sources.URLConfigurationSource - To enable URLs as dynamic configuration sources, define System property archaius.configurationSource.additionalUrls or make config.properties available on classpath.
2020-09-16 11:27:34.964 [main] INFO  com.netflix.config.sources.URLConfigurationSource - To enable URLs as dynamic configuration sources, define System property archaius.configurationSource.additionalUrls or make config.properties available on classpath.
2020-09-16 11:27:35.206 [main] INFO  o.s.scheduling.concurrent.ThreadPoolTaskExecutor - Initializing ExecutorService 'applicationTaskExecutor'
2020-09-16 11:27:35.558 [main] INFO  o.s.scheduling.concurrent.ThreadPoolTaskScheduler - Initializing ExecutorService 'taskScheduler'
2020-09-16 11:27:35.639 [main] INFO  o.s.scheduling.concurrent.ThreadPoolTaskScheduler - Shutting down ExecutorService 'taskScheduler'
2020-09-16 11:27:35.640 [main] INFO  o.s.scheduling.concurrent.ThreadPoolTaskExecutor - Shutting down ExecutorService 'applicationTaskExecutor'
2020-09-16 11:27:35.643 [main] INFO  org.apache.catalina.core.StandardService - Stopping service [Tomcat]
2020-09-16 11:27:35.659 [main] INFO  o.s.b.a.l.ConditionEvaluationReportLoggingListener - 

Error starting ApplicationContext. To display the conditions report re-run your application with 'debug' enabled.
2020-09-16 14:05:08.165 [main] INFO  c.s.w.c.ConsigneeconsignerApplication - Starting ConsigneeconsignerApplication on shenhailongdeMacBook-Pro.local with PID 33844 (/Users/shenhailong/开发项目/新仓单2.0/后端/consigneeconsigner/target/classes started by shenhailong in /Users/shenhailong/开发项目/新仓单2.0/后端/consigneeconsigner)
2020-09-16 14:05:08.168 [main] INFO  c.s.w.c.ConsigneeconsignerApplication - The following profiles are active: dev
2020-09-16 14:05:09.135 [main] INFO  o.s.boot.web.embedded.tomcat.TomcatWebServer - Tomcat initialized with port(s): 40002 (http)
2020-09-16 14:05:09.143 [main] INFO  org.apache.coyote.http11.Http11NioProtocol - Initializing ProtocolHandler ["http-nio-40002"]
2020-09-16 14:05:09.143 [main] INFO  org.apache.catalina.core.StandardService - Starting service [Tomcat]
2020-09-16 14:05:09.144 [main] INFO  org.apache.catalina.core.StandardEngine - Starting Servlet engine: [Apache Tomcat/9.0.37]
2020-09-16 14:05:09.209 [main] INFO  o.a.c.core.ContainerBase.[Tomcat].[localhost].[/] - Initializing Spring embedded WebApplicationContext
2020-09-16 14:05:09.209 [main] INFO  o.s.b.w.s.c.ServletWebServerApplicationContext - Root WebApplicationContext: initialization completed in 988 ms
2020-09-16 14:05:09.666 [main] INFO  o.s.scheduling.concurrent.ThreadPoolTaskExecutor - Initializing ExecutorService 'applicationTaskExecutor'
2020-09-16 14:05:09.906 [main] INFO  org.apache.coyote.http11.Http11NioProtocol - Starting ProtocolHandler ["http-nio-40002"]
2020-09-16 14:05:09.987 [main] INFO  o.s.boot.web.embedded.tomcat.TomcatWebServer - Tomcat started on port(s): 40002 (http) with context path ''
2020-09-16 14:05:10.000 [main] INFO  c.s.w.c.ConsigneeconsignerApplication - Started ConsigneeconsignerApplication in 2.605 seconds (JVM running for 3.412)
2020-09-16 14:05:57.124 [SpringContextShutdownHook] INFO  o.s.scheduling.concurrent.ThreadPoolTaskExecutor - Shutting down ExecutorService 'applicationTaskExecutor'
2020-09-16 14:06:02.764 [main] INFO  c.s.w.c.ConsigneeconsignerApplication - Starting ConsigneeconsignerApplication on shenhailongdeMacBook-Pro.local with PID 33862 (/Users/shenhailong/开发项目/新仓单2.0/后端/consigneeconsigner/target/classes started by shenhailong in /Users/shenhailong/开发项目/新仓单2.0/后端/consigneeconsigner)
2020-09-16 14:06:02.767 [main] INFO  c.s.w.c.ConsigneeconsignerApplication - The following profiles are active: dev
2020-09-16 14:06:03.718 [main] INFO  o.s.boot.web.embedded.tomcat.TomcatWebServer - Tomcat initialized with port(s): 40002 (http)
2020-09-16 14:06:03.725 [main] INFO  org.apache.coyote.http11.Http11NioProtocol - Initializing ProtocolHandler ["http-nio-40002"]
2020-09-16 14:06:03.725 [main] INFO  org.apache.catalina.core.StandardService - Starting service [Tomcat]
2020-09-16 14:06:03.726 [main] INFO  org.apache.catalina.core.StandardEngine - Starting Servlet engine: [Apache Tomcat/9.0.37]
2020-09-16 14:06:03.787 [main] INFO  o.a.c.core.ContainerBase.[Tomcat].[localhost].[/] - Initializing Spring embedded WebApplicationContext
2020-09-16 14:06:03.787 [main] INFO  o.s.b.w.s.c.ServletWebServerApplicationContext - Root WebApplicationContext: initialization completed in 955 ms
2020-09-16 14:06:04.199 [main] INFO  o.s.scheduling.concurrent.ThreadPoolTaskExecutor - Initializing ExecutorService 'applicationTaskExecutor'
2020-09-16 14:06:04.418 [main] INFO  org.apache.coyote.http11.Http11NioProtocol - Starting ProtocolHandler ["http-nio-40002"]
2020-09-16 14:06:04.499 [main] INFO  o.s.boot.web.embedded.tomcat.TomcatWebServer - Tomcat started on port(s): 40002 (http) with context path ''
2020-09-16 14:06:04.509 [main] INFO  c.s.w.c.ConsigneeconsignerApplication - Started ConsigneeconsignerApplication in 2.298 seconds (JVM running for 2.917)
2020-09-16 14:14:33.328 [SpringContextShutdownHook] INFO  o.s.scheduling.concurrent.ThreadPoolTaskExecutor - Shutting down ExecutorService 'applicationTaskExecutor'
2020-09-16 15:59:30.394 [main] INFO  c.s.w.c.ConsigneeconsignerApplication - The following profiles are active: dev
2020-09-16 15:59:31.646 [main] INFO  o.springframework.cloud.context.scope.GenericScope - BeanFactory id=5491c71a-3ed3-3204-902b-715ea35600e5
2020-09-16 15:59:31.755 [main] INFO  o.s.c.s.PostProcessorRegistrationDelegate$BeanPostProcessorChecker - Bean 'org.springframework.transaction.annotation.ProxyTransactionManagementConfiguration' of type [org.springframework.transaction.annotation.ProxyTransactionManagementConfiguration$$EnhancerBySpringCGLIB$$36008335] is not eligible for getting processed by all BeanPostProcessors (for example: not eligible for auto-proxying)
2020-09-16 15:59:31.789 [main] INFO  o.s.c.s.PostProcessorRegistrationDelegate$BeanPostProcessorChecker - Bean 'org.springframework.cloud.autoconfigure.ConfigurationPropertiesRebinderAutoConfiguration' of type [org.springframework.cloud.autoconfigure.ConfigurationPropertiesRebinderAutoConfiguration$$EnhancerBySpringCGLIB$$521a8632] is not eligible for getting processed by all BeanPostProcessors (for example: not eligible for auto-proxying)
2020-09-16 15:59:32.031 [main] INFO  o.s.boot.web.embedded.tomcat.TomcatWebServer - Tomcat initialized with port(s): 40002 (http)
2020-09-16 15:59:32.052 [main] INFO  org.apache.catalina.core.StandardService - Starting service [Tomcat]
2020-09-16 15:59:32.052 [main] INFO  org.apache.catalina.core.StandardEngine - Starting Servlet engine: [Apache Tomcat/9.0.22]
2020-09-16 15:59:32.250 [main] INFO  o.a.c.core.ContainerBase.[Tomcat].[localhost].[/] - Initializing Spring embedded WebApplicationContext
2020-09-16 15:59:32.251 [main] INFO  org.springframework.web.context.ContextLoader - Root WebApplicationContext: initialization completed in 1836 ms
2020-09-16 15:59:32.379 [main] INFO  com.netflix.config.sources.URLConfigurationSource - To enable URLs as dynamic configuration sources, define System property archaius.configurationSource.additionalUrls or make config.properties available on classpath.
2020-09-16 15:59:32.392 [main] INFO  com.netflix.config.DynamicPropertyFactory - DynamicPropertyFactory is initialized with configuration sources: com.netflix.config.ConcurrentCompositeConfiguration@2fd1ad8a
2020-09-16 15:59:32.500 [main] INFO  c.a.d.s.b.a.DruidDataSourceAutoConfigure - Init DruidDataSource
2020-09-16 15:59:33.165 [main] INFO  com.alibaba.druid.pool.DruidDataSource - {dataSource-1} inited
2020-09-16 15:59:33.723 [main] INFO  com.netflix.config.sources.URLConfigurationSource - To enable URLs as dynamic configuration sources, define System property archaius.configurationSource.additionalUrls or make config.properties available on classpath.
2020-09-16 15:59:33.912 [main] INFO  o.s.scheduling.concurrent.ThreadPoolTaskExecutor - Initializing ExecutorService 'applicationTaskExecutor'
2020-09-16 15:59:34.394 [main] INFO  o.s.b.actuate.endpoint.web.EndpointLinksResolver - Exposing 2 endpoint(s) beneath base path '/actuator'
2020-09-16 15:59:34.490 [main] INFO  o.s.cloud.netflix.eureka.InstanceInfoFactory - Setting initial instance status as: STARTING
2020-09-16 15:59:34.526 [main] INFO  com.netflix.discovery.DiscoveryClient - Initializing Eureka in region us-east-1
2020-09-16 15:59:34.716 [main] INFO  c.n.discovery.provider.DiscoveryJerseyProvider - Using JSON encoding codec LegacyJacksonJson
2020-09-16 15:59:34.716 [main] INFO  c.n.discovery.provider.DiscoveryJerseyProvider - Using JSON decoding codec LegacyJacksonJson
2020-09-16 15:59:34.844 [main] INFO  c.n.discovery.provider.DiscoveryJerseyProvider - Using XML encoding codec XStreamXml
2020-09-16 15:59:34.844 [main] INFO  c.n.discovery.provider.DiscoveryJerseyProvider - Using XML decoding codec XStreamXml
2020-09-16 15:59:35.115 [main] INFO  c.n.d.shared.resolver.aws.ConfigClusterResolver - Resolving eureka endpoints via configuration
2020-09-16 15:59:35.136 [main] INFO  com.netflix.discovery.DiscoveryClient - Disable delta property : false
2020-09-16 15:59:35.136 [main] INFO  com.netflix.discovery.DiscoveryClient - Single vip registry refresh property : null
2020-09-16 15:59:35.136 [main] INFO  com.netflix.discovery.DiscoveryClient - Force full registry fetch : false
2020-09-16 15:59:35.136 [main] INFO  com.netflix.discovery.DiscoveryClient - Application is null : false
2020-09-16 15:59:35.136 [main] INFO  com.netflix.discovery.DiscoveryClient - Registered Applications size is zero : true
2020-09-16 15:59:35.136 [main] INFO  com.netflix.discovery.DiscoveryClient - Application version is -1: true
2020-09-16 15:59:35.136 [main] INFO  com.netflix.discovery.DiscoveryClient - Getting all instance registry info from the eureka server
2020-09-16 15:59:35.371 [main] INFO  com.netflix.discovery.DiscoveryClient - The response status is 200
2020-09-16 15:59:35.376 [main] INFO  com.netflix.discovery.DiscoveryClient - Starting heartbeat executor: renew interval is: 30
2020-09-16 15:59:35.380 [main] INFO  com.netflix.discovery.InstanceInfoReplicator - InstanceInfoReplicator onDemand update allowed rate per min is 4
2020-09-16 15:59:35.384 [main] INFO  com.netflix.discovery.DiscoveryClient - Discovery Client initialized at timestamp 1600243175383 with initial instances count: 4
2020-09-16 15:59:35.387 [main] INFO  o.s.c.n.e.serviceregistry.EurekaServiceRegistry - Registering application WLTP-FLIGHT-CONSIGNEECONSIGNER with eureka with status UP
2020-09-16 15:59:35.388 [main] INFO  com.netflix.discovery.DiscoveryClient - Saw local status change event StatusChangeEvent [timestamp=1600243175388, current=UP, previous=STARTING]
2020-09-16 15:59:35.392 [DiscoveryClient-InstanceInfoReplicator-0] INFO  com.netflix.discovery.DiscoveryClient - DiscoveryClient_WLTP-FLIGHT-CONSIGNEECONSIGNER/${spring.cloud.client.ipAddress}:40002: registering service...
2020-09-16 15:59:35.446 [DiscoveryClient-InstanceInfoReplicator-0] INFO  com.netflix.discovery.DiscoveryClient - DiscoveryClient_WLTP-FLIGHT-CONSIGNEECONSIGNER/${spring.cloud.client.ipAddress}:40002 - registration status: 204
2020-09-16 15:59:35.462 [main] INFO  o.s.boot.web.embedded.tomcat.TomcatWebServer - Tomcat started on port(s): 40002 (http) with context path ''
2020-09-16 15:59:35.463 [main] INFO  o.s.c.n.e.s.EurekaAutoServiceRegistration - Updating port to 40002
2020-09-16 15:59:35.466 [main] INFO  c.s.w.c.ConsigneeconsignerApplication - Started ConsigneeconsignerApplication in 6.485 seconds (JVM running for 7.339)
2020-09-16 15:59:35.672 [RMI TCP Connection(2)-127.0.0.1] INFO  o.a.c.core.ContainerBase.[Tomcat].[localhost].[/] - Initializing Spring DispatcherServlet 'dispatcherServlet'
2020-09-16 15:59:35.673 [RMI TCP Connection(2)-127.0.0.1] INFO  org.springframework.web.servlet.DispatcherServlet - Initializing Servlet 'dispatcherServlet'
2020-09-16 15:59:35.689 [RMI TCP Connection(2)-127.0.0.1] INFO  org.springframework.web.servlet.DispatcherServlet - Completed initialization in 16 ms
2020-09-16 16:04:35.148 [AsyncResolver-bootstrap-executor-0] INFO  c.n.d.shared.resolver.aws.ConfigClusterResolver - Resolving eureka endpoints via configuration
2020-09-16 16:06:53.993 [Thread-18] INFO  o.s.c.n.e.serviceregistry.EurekaServiceRegistry - Unregistering application WLTP-FLIGHT-CONSIGNEECONSIGNER with eureka with status DOWN
2020-09-16 16:06:53.998 [DiscoveryClient-InstanceInfoReplicator-0] INFO  com.netflix.discovery.DiscoveryClient - DiscoveryClient_WLTP-FLIGHT-CONSIGNEECONSIGNER/${spring.cloud.client.ipAddress}:40002: registering service...
2020-09-16 16:06:54.019 [DiscoveryClient-InstanceInfoReplicator-0] INFO  com.netflix.discovery.DiscoveryClient - DiscoveryClient_WLTP-FLIGHT-CONSIGNEECONSIGNER/${spring.cloud.client.ipAddress}:40002 - registration status: 204
2020-09-16 16:06:54.026 [Thread-18] INFO  o.s.scheduling.concurrent.ThreadPoolTaskExecutor - Shutting down ExecutorService 'applicationTaskExecutor'
2020-09-16 16:06:54.056 [Thread-18] INFO  com.alibaba.druid.pool.DruidDataSource - {dataSource-1} closed
2020-09-16 16:06:54.060 [Thread-18] INFO  com.netflix.discovery.DiscoveryClient - Shutting down DiscoveryClient ...
2020-09-16 16:09:45.109 [main] INFO  c.s.w.c.ConsigneeconsignerApplication - The following profiles are active: dev
2020-09-16 16:09:46.738 [main] INFO  o.springframework.cloud.context.scope.GenericScope - BeanFactory id=5491c71a-3ed3-3204-902b-715ea35600e5
2020-09-16 16:09:46.859 [main] INFO  o.s.c.s.PostProcessorRegistrationDelegate$BeanPostProcessorChecker - Bean 'org.springframework.transaction.annotation.ProxyTransactionManagementConfiguration' of type [org.springframework.transaction.annotation.ProxyTransactionManagementConfiguration$$EnhancerBySpringCGLIB$$d57bcd9b] is not eligible for getting processed by all BeanPostProcessors (for example: not eligible for auto-proxying)
2020-09-16 16:09:46.885 [main] INFO  o.s.c.s.PostProcessorRegistrationDelegate$BeanPostProcessorChecker - Bean 'org.springframework.cloud.autoconfigure.ConfigurationPropertiesRebinderAutoConfiguration' of type [org.springframework.cloud.autoconfigure.ConfigurationPropertiesRebinderAutoConfiguration$$EnhancerBySpringCGLIB$$f195d098] is not eligible for getting processed by all BeanPostProcessors (for example: not eligible for auto-proxying)
2020-09-16 16:09:47.194 [main] INFO  o.s.boot.web.embedded.tomcat.TomcatWebServer - Tomcat initialized with port(s): 40002 (http)
2020-09-16 16:09:47.217 [main] INFO  org.apache.catalina.core.StandardService - Starting service [Tomcat]
2020-09-16 16:09:47.218 [main] INFO  org.apache.catalina.core.StandardEngine - Starting Servlet engine: [Apache Tomcat/9.0.22]
2020-09-16 16:09:47.441 [main] INFO  o.a.c.core.ContainerBase.[Tomcat].[localhost].[/] - Initializing Spring embedded WebApplicationContext
2020-09-16 16:09:47.442 [main] INFO  org.springframework.web.context.ContextLoader - Root WebApplicationContext: initialization completed in 2308 ms
2020-09-16 16:09:47.582 [main] INFO  com.netflix.config.sources.URLConfigurationSource - To enable URLs as dynamic configuration sources, define System property archaius.configurationSource.additionalUrls or make config.properties available on classpath.
2020-09-16 16:09:47.598 [main] INFO  com.netflix.config.DynamicPropertyFactory - DynamicPropertyFactory is initialized with configuration sources: com.netflix.config.ConcurrentCompositeConfiguration@25974207
2020-09-16 16:09:47.734 [main] INFO  c.a.d.s.b.a.DruidDataSourceAutoConfigure - Init DruidDataSource
2020-09-16 16:09:48.450 [main] INFO  com.alibaba.druid.pool.DruidDataSource - {dataSource-1} inited
2020-09-16 16:09:49.011 [main] INFO  com.netflix.config.sources.URLConfigurationSource - To enable URLs as dynamic configuration sources, define System property archaius.configurationSource.additionalUrls or make config.properties available on classpath.
2020-09-16 16:09:49.227 [main] INFO  o.s.scheduling.concurrent.ThreadPoolTaskExecutor - Initializing ExecutorService 'applicationTaskExecutor'
2020-09-16 16:09:49.796 [main] INFO  o.s.b.actuate.endpoint.web.EndpointLinksResolver - Exposing 2 endpoint(s) beneath base path '/actuator'
2020-09-16 16:09:49.896 [main] INFO  o.s.cloud.netflix.eureka.InstanceInfoFactory - Setting initial instance status as: STARTING
2020-09-16 16:09:49.935 [main] INFO  com.netflix.discovery.DiscoveryClient - Initializing Eureka in region us-east-1
2020-09-16 16:09:50.147 [main] INFO  c.n.discovery.provider.DiscoveryJerseyProvider - Using JSON encoding codec LegacyJacksonJson
2020-09-16 16:09:50.147 [main] INFO  c.n.discovery.provider.DiscoveryJerseyProvider - Using JSON decoding codec LegacyJacksonJson
2020-09-16 16:09:50.271 [main] INFO  c.n.discovery.provider.DiscoveryJerseyProvider - Using XML encoding codec XStreamXml
2020-09-16 16:09:50.271 [main] INFO  c.n.discovery.provider.DiscoveryJerseyProvider - Using XML decoding codec XStreamXml
2020-09-16 16:09:50.533 [main] INFO  c.n.d.shared.resolver.aws.ConfigClusterResolver - Resolving eureka endpoints via configuration
2020-09-16 16:09:50.555 [main] INFO  com.netflix.discovery.DiscoveryClient - Disable delta property : false
2020-09-16 16:09:50.555 [main] INFO  com.netflix.discovery.DiscoveryClient - Single vip registry refresh property : null
2020-09-16 16:09:50.555 [main] INFO  com.netflix.discovery.DiscoveryClient - Force full registry fetch : false
2020-09-16 16:09:50.555 [main] INFO  com.netflix.discovery.DiscoveryClient - Application is null : false
2020-09-16 16:09:50.555 [main] INFO  com.netflix.discovery.DiscoveryClient - Registered Applications size is zero : true
2020-09-16 16:09:50.555 [main] INFO  com.netflix.discovery.DiscoveryClient - Application version is -1: true
2020-09-16 16:09:50.555 [main] INFO  com.netflix.discovery.DiscoveryClient - Getting all instance registry info from the eureka server
2020-09-16 16:09:50.744 [main] INFO  com.netflix.discovery.DiscoveryClient - The response status is 200
2020-09-16 16:09:50.750 [main] INFO  com.netflix.discovery.DiscoveryClient - Starting heartbeat executor: renew interval is: 30
2020-09-16 16:09:50.753 [main] INFO  com.netflix.discovery.InstanceInfoReplicator - InstanceInfoReplicator onDemand update allowed rate per min is 4
2020-09-16 16:09:50.758 [main] INFO  com.netflix.discovery.DiscoveryClient - Discovery Client initialized at timestamp 1600243790756 with initial instances count: 4
2020-09-16 16:09:50.760 [main] INFO  o.s.c.n.e.serviceregistry.EurekaServiceRegistry - Registering application WLTP-FLIGHT-CONSIGNEECONSIGNER with eureka with status UP
2020-09-16 16:09:50.761 [main] INFO  com.netflix.discovery.DiscoveryClient - Saw local status change event StatusChangeEvent [timestamp=1600243790761, current=UP, previous=STARTING]
2020-09-16 16:09:50.765 [DiscoveryClient-InstanceInfoReplicator-0] INFO  com.netflix.discovery.DiscoveryClient - DiscoveryClient_WLTP-FLIGHT-CONSIGNEECONSIGNER/${spring.cloud.client.ipAddress}:40002: registering service...
2020-09-16 16:09:50.819 [DiscoveryClient-InstanceInfoReplicator-0] INFO  com.netflix.discovery.DiscoveryClient - DiscoveryClient_WLTP-FLIGHT-CONSIGNEECONSIGNER/${spring.cloud.client.ipAddress}:40002 - registration status: 204
2020-09-16 16:09:50.841 [main] INFO  o.s.boot.web.embedded.tomcat.TomcatWebServer - Tomcat started on port(s): 40002 (http) with context path ''
2020-09-16 16:09:50.843 [main] INFO  o.s.c.n.e.s.EurekaAutoServiceRegistration - Updating port to 40002
2020-09-16 16:09:50.846 [main] INFO  c.s.w.c.ConsigneeconsignerApplication - Started ConsigneeconsignerApplication in 7.461 seconds (JVM running for 9.377)
2020-09-16 16:09:51.568 [RMI TCP Connection(7)-127.0.0.1] INFO  o.a.c.core.ContainerBase.[Tomcat].[localhost].[/] - Initializing Spring DispatcherServlet 'dispatcherServlet'
2020-09-16 16:09:51.569 [RMI TCP Connection(7)-127.0.0.1] INFO  org.springframework.web.servlet.DispatcherServlet - Initializing Servlet 'dispatcherServlet'
2020-09-16 16:09:51.590 [RMI TCP Connection(7)-127.0.0.1] INFO  org.springframework.web.servlet.DispatcherServlet - Completed initialization in 21 ms
2020-09-16 16:10:41.967 [Thread-21] INFO  o.s.c.n.e.serviceregistry.EurekaServiceRegistry - Unregistering application WLTP-FLIGHT-CONSIGNEECONSIGNER with eureka with status DOWN
2020-09-16 16:10:41.969 [DiscoveryClient-InstanceInfoReplicator-0] INFO  com.netflix.discovery.DiscoveryClient - DiscoveryClient_WLTP-FLIGHT-CONSIGNEECONSIGNER/${spring.cloud.client.ipAddress}:40002: registering service...
2020-09-16 16:10:41.975 [Thread-21] INFO  o.s.scheduling.concurrent.ThreadPoolTaskExecutor - Shutting down ExecutorService 'applicationTaskExecutor'
2020-09-16 16:10:41.976 [DiscoveryClient-InstanceInfoReplicator-0] INFO  com.netflix.discovery.DiscoveryClient - DiscoveryClient_WLTP-FLIGHT-CONSIGNEECONSIGNER/${spring.cloud.client.ipAddress}:40002 - registration status: 204
2020-09-16 16:10:41.986 [Thread-21] INFO  com.alibaba.druid.pool.DruidDataSource - {dataSource-1} closed
2020-09-16 16:10:41.989 [Thread-21] INFO  com.netflix.discovery.DiscoveryClient - Shutting down DiscoveryClient ...
2020-09-16 16:10:49.676 [main] INFO  c.s.w.c.ConsigneeconsignerApplication - The following profiles are active: dev
2020-09-16 16:10:50.535 [main] INFO  o.springframework.cloud.context.scope.GenericScope - BeanFactory id=096703ed-43ad-32d3-bf71-cf7ba97b51e5
2020-09-16 16:10:50.628 [main] INFO  o.s.c.s.PostProcessorRegistrationDelegate$BeanPostProcessorChecker - Bean 'org.springframework.transaction.annotation.ProxyTransactionManagementConfiguration' of type [org.springframework.transaction.annotation.ProxyTransactionManagementConfiguration$$EnhancerBySpringCGLIB$$c0d189aa] is not eligible for getting processed by all BeanPostProcessors (for example: not eligible for auto-proxying)
2020-09-16 16:10:50.645 [main] INFO  o.s.c.s.PostProcessorRegistrationDelegate$BeanPostProcessorChecker - Bean 'org.springframework.cloud.autoconfigure.ConfigurationPropertiesRebinderAutoConfiguration' of type [org.springframework.cloud.autoconfigure.ConfigurationPropertiesRebinderAutoConfiguration$$EnhancerBySpringCGLIB$$dceb8ca7] is not eligible for getting processed by all BeanPostProcessors (for example: not eligible for auto-proxying)
2020-09-16 16:10:50.867 [main] INFO  o.s.boot.web.embedded.tomcat.TomcatWebServer - Tomcat initialized with port(s): 40002 (http)
2020-09-16 16:10:50.884 [main] INFO  org.apache.catalina.core.StandardService - Starting service [Tomcat]
2020-09-16 16:10:50.885 [main] INFO  org.apache.catalina.core.StandardEngine - Starting Servlet engine: [Apache Tomcat/9.0.22]
2020-09-16 16:10:51.053 [main] INFO  o.a.c.core.ContainerBase.[Tomcat].[localhost].[/] - Initializing Spring embedded WebApplicationContext
2020-09-16 16:10:51.053 [main] INFO  org.springframework.web.context.ContextLoader - Root WebApplicationContext: initialization completed in 1360 ms
2020-09-16 16:10:51.160 [main] INFO  com.netflix.config.sources.URLConfigurationSource - To enable URLs as dynamic configuration sources, define System property archaius.configurationSource.additionalUrls or make config.properties available on classpath.
2020-09-16 16:10:51.167 [main] INFO  com.netflix.config.DynamicPropertyFactory - DynamicPropertyFactory is initialized with configuration sources: com.netflix.config.ConcurrentCompositeConfiguration@7a84788f
2020-09-16 16:10:51.247 [main] INFO  c.a.d.s.b.a.DruidDataSourceAutoConfigure - Init DruidDataSource
2020-09-16 16:10:51.900 [main] INFO  com.alibaba.druid.pool.DruidDataSource - {dataSource-1} inited
2020-09-16 16:10:52.352 [main] INFO  com.netflix.config.sources.URLConfigurationSource - To enable URLs as dynamic configuration sources, define System property archaius.configurationSource.additionalUrls or make config.properties available on classpath.
2020-09-16 16:10:52.522 [main] INFO  o.s.scheduling.concurrent.ThreadPoolTaskExecutor - Initializing ExecutorService 'applicationTaskExecutor'
2020-09-16 16:10:52.943 [main] INFO  o.s.b.actuate.endpoint.web.EndpointLinksResolver - Exposing 2 endpoint(s) beneath base path '/actuator'
2020-09-16 16:10:53.041 [main] INFO  o.s.cloud.netflix.eureka.InstanceInfoFactory - Setting initial instance status as: STARTING
2020-09-16 16:10:53.068 [main] INFO  com.netflix.discovery.DiscoveryClient - Initializing Eureka in region us-east-1
2020-09-16 16:10:53.221 [main] INFO  c.n.discovery.provider.DiscoveryJerseyProvider - Using JSON encoding codec LegacyJacksonJson
2020-09-16 16:10:53.222 [main] INFO  c.n.discovery.provider.DiscoveryJerseyProvider - Using JSON decoding codec LegacyJacksonJson
2020-09-16 16:10:53.313 [main] INFO  c.n.discovery.provider.DiscoveryJerseyProvider - Using XML encoding codec XStreamXml
2020-09-16 16:10:53.313 [main] INFO  c.n.discovery.provider.DiscoveryJerseyProvider - Using XML decoding codec XStreamXml
2020-09-16 16:10:53.565 [main] INFO  c.n.d.shared.resolver.aws.ConfigClusterResolver - Resolving eureka endpoints via configuration
2020-09-16 16:10:53.580 [main] INFO  com.netflix.discovery.DiscoveryClient - Disable delta property : false
2020-09-16 16:10:53.580 [main] INFO  com.netflix.discovery.DiscoveryClient - Single vip registry refresh property : null
2020-09-16 16:10:53.580 [main] INFO  com.netflix.discovery.DiscoveryClient - Force full registry fetch : false
2020-09-16 16:10:53.580 [main] INFO  com.netflix.discovery.DiscoveryClient - Application is null : false
2020-09-16 16:10:53.580 [main] INFO  com.netflix.discovery.DiscoveryClient - Registered Applications size is zero : true
2020-09-16 16:10:53.580 [main] INFO  com.netflix.discovery.DiscoveryClient - Application version is -1: true
2020-09-16 16:10:53.580 [main] INFO  com.netflix.discovery.DiscoveryClient - Getting all instance registry info from the eureka server
2020-09-16 16:10:53.738 [main] INFO  com.netflix.discovery.DiscoveryClient - The response status is 200
2020-09-16 16:10:53.741 [main] INFO  com.netflix.discovery.DiscoveryClient - Starting heartbeat executor: renew interval is: 30
2020-09-16 16:10:53.743 [main] INFO  com.netflix.discovery.InstanceInfoReplicator - InstanceInfoReplicator onDemand update allowed rate per min is 4
2020-09-16 16:10:53.747 [main] INFO  com.netflix.discovery.DiscoveryClient - Discovery Client initialized at timestamp 1600243853745 with initial instances count: 5
2020-09-16 16:10:53.749 [main] INFO  o.s.c.n.e.serviceregistry.EurekaServiceRegistry - Registering application WLTP-FLIGHT-CONSIGNEECONSIGNER with eureka with status UP
2020-09-16 16:10:53.750 [main] INFO  com.netflix.discovery.DiscoveryClient - Saw local status change event StatusChangeEvent [timestamp=1600243853749, current=UP, previous=STARTING]
2020-09-16 16:10:53.795 [main] INFO  o.s.boot.web.embedded.tomcat.TomcatWebServer - Tomcat started on port(s): 40002 (http) with context path ''
2020-09-16 16:10:53.796 [main] INFO  o.s.c.n.e.s.EurekaAutoServiceRegistration - Updating port to 40002
2020-09-16 16:10:53.800 [main] INFO  c.s.w.c.ConsigneeconsignerApplication - Started ConsigneeconsignerApplication in 5.051 seconds (JVM running for 5.768)
2020-09-16 16:10:53.829 [DiscoveryClient-InstanceInfoReplicator-0] INFO  com.netflix.discovery.DiscoveryClient - DiscoveryClient_WLTP-FLIGHT-CONSIGNEECONSIGNER/192.168.1.19:40002: registering service...
2020-09-16 16:10:53.866 [DiscoveryClient-InstanceInfoReplicator-0] INFO  com.netflix.discovery.DiscoveryClient - DiscoveryClient_WLTP-FLIGHT-CONSIGNEECONSIGNER/192.168.1.19:40002 - registration status: 204
2020-09-16 16:10:54.307 [RMI TCP Connection(4)-127.0.0.1] INFO  o.a.c.core.ContainerBase.[Tomcat].[localhost].[/] - Initializing Spring DispatcherServlet 'dispatcherServlet'
2020-09-16 16:10:54.307 [RMI TCP Connection(4)-127.0.0.1] INFO  org.springframework.web.servlet.DispatcherServlet - Initializing Servlet 'dispatcherServlet'
2020-09-16 16:10:54.314 [RMI TCP Connection(4)-127.0.0.1] INFO  org.springframework.web.servlet.DispatcherServlet - Completed initialization in 7 ms
2020-09-16 16:15:53.594 [AsyncResolver-bootstrap-executor-0] INFO  c.n.d.shared.resolver.aws.ConfigClusterResolver - Resolving eureka endpoints via configuration
2020-09-16 16:20:53.604 [AsyncResolver-bootstrap-executor-0] INFO  c.n.d.shared.resolver.aws.ConfigClusterResolver - Resolving eureka endpoints via configuration
2020-09-16 16:25:53.620 [AsyncResolver-bootstrap-executor-0] INFO  c.n.d.shared.resolver.aws.ConfigClusterResolver - Resolving eureka endpoints via configuration
2020-09-16 16:30:53.639 [AsyncResolver-bootstrap-executor-0] INFO  c.n.d.shared.resolver.aws.ConfigClusterResolver - Resolving eureka endpoints via configuration
2020-09-16 16:35:53.653 [AsyncResolver-bootstrap-executor-0] INFO  c.n.d.shared.resolver.aws.ConfigClusterResolver - Resolving eureka endpoints via configuration
2020-09-16 16:40:53.667 [AsyncResolver-bootstrap-executor-0] INFO  c.n.d.shared.resolver.aws.ConfigClusterResolver - Resolving eureka endpoints via configuration
2020-09-16 16:45:53.688 [AsyncResolver-bootstrap-executor-0] INFO  c.n.d.shared.resolver.aws.ConfigClusterResolver - Resolving eureka endpoints via configuration
2020-09-16 16:50:53.708 [AsyncResolver-bootstrap-executor-0] INFO  c.n.d.shared.resolver.aws.ConfigClusterResolver - Resolving eureka endpoints via configuration
2020-09-16 16:55:53.727 [AsyncResolver-bootstrap-executor-0] INFO  c.n.d.shared.resolver.aws.ConfigClusterResolver - Resolving eureka endpoints via configuration
2020-09-16 17:00:53.748 [AsyncResolver-bootstrap-executor-0] INFO  c.n.d.shared.resolver.aws.ConfigClusterResolver - Resolving eureka endpoints via configuration
2020-09-16 17:05:53.755 [AsyncResolver-bootstrap-executor-0] INFO  c.n.d.shared.resolver.aws.ConfigClusterResolver - Resolving eureka endpoints via configuration
2020-09-16 17:10:53.766 [AsyncResolver-bootstrap-executor-0] INFO  c.n.d.shared.resolver.aws.ConfigClusterResolver - Resolving eureka endpoints via configuration
2020-09-16 17:15:53.795 [AsyncResolver-bootstrap-executor-0] INFO  c.n.d.shared.resolver.aws.ConfigClusterResolver - Resolving eureka endpoints via configuration
2020-09-16 17:20:53.815 [AsyncResolver-bootstrap-executor-0] INFO  c.n.d.shared.resolver.aws.ConfigClusterResolver - Resolving eureka endpoints via configuration
2020-09-16 17:25:53.835 [AsyncResolver-bootstrap-executor-0] INFO  c.n.d.shared.resolver.aws.ConfigClusterResolver - Resolving eureka endpoints via configuration
2020-09-16 17:30:53.829 [AsyncResolver-bootstrap-executor-0] INFO  c.n.d.shared.resolver.aws.ConfigClusterResolver - Resolving eureka endpoints via configuration
2020-09-16 17:35:53.846 [AsyncResolver-bootstrap-executor-0] INFO  c.n.d.shared.resolver.aws.ConfigClusterResolver - Resolving eureka endpoints via configuration
2020-09-16 17:40:53.867 [AsyncResolver-bootstrap-executor-0] INFO  c.n.d.shared.resolver.aws.ConfigClusterResolver - Resolving eureka endpoints via configuration
2020-09-16 17:45:53.883 [AsyncResolver-bootstrap-executor-0] INFO  c.n.d.shared.resolver.aws.ConfigClusterResolver - Resolving eureka endpoints via configuration
2020-09-16 17:50:53.895 [AsyncResolver-bootstrap-executor-0] INFO  c.n.d.shared.resolver.aws.ConfigClusterResolver - Resolving eureka endpoints via configuration
2020-09-16 17:55:53.911 [AsyncResolver-bootstrap-executor-0] INFO  c.n.d.shared.resolver.aws.ConfigClusterResolver - Resolving eureka endpoints via configuration
2020-09-16 18:00:53.930 [AsyncResolver-bootstrap-executor-0] INFO  c.n.d.shared.resolver.aws.ConfigClusterResolver - Resolving eureka endpoints via configuration
2020-09-16 18:05:53.946 [AsyncResolver-bootstrap-executor-0] INFO  c.n.d.shared.resolver.aws.ConfigClusterResolver - Resolving eureka endpoints via configuration
2020-09-16 18:07:00.763 [Thread-15] INFO  o.s.c.n.e.serviceregistry.EurekaServiceRegistry - Unregistering application WLTP-FLIGHT-CONSIGNEECONSIGNER with eureka with status DOWN
2020-09-16 18:07:00.799 [Thread-15] INFO  o.s.scheduling.concurrent.ThreadPoolTaskExecutor - Shutting down ExecutorService 'applicationTaskExecutor'
2020-09-16 18:07:00.806 [DiscoveryClient-InstanceInfoReplicator-0] INFO  com.netflix.discovery.DiscoveryClient - DiscoveryClient_WLTP-FLIGHT-CONSIGNEECONSIGNER/192.168.1.19:40002: registering service...
2020-09-16 18:07:00.807 [Thread-15] INFO  com.alibaba.druid.pool.DruidDataSource - {dataSource-1} closed
2020-09-16 18:07:00.809 [Thread-15] INFO  com.netflix.discovery.DiscoveryClient - Shutting down DiscoveryClient ...
2020-09-16 18:07:00.813 [DiscoveryClient-InstanceInfoReplicator-0] INFO  com.netflix.discovery.DiscoveryClient - DiscoveryClient_WLTP-FLIGHT-CONSIGNEECONSIGNER/192.168.1.19:40002 - registration status: 204
